Line 13: Class MSAdodcLib.Adodc of control adoCompSc was not a loaded control class.
Line 18: The property name _ExtentX in adoCompSc is invalid.
Line 19: The property name _ExtentY in adoCompSc is invalid.
Line 20: The property name ConnectMode in adoCompSc is invalid.
Line 21: The property name CursorLocation in adoCompSc is invalid.
Line 22: The property name IsolationLevel in adoCompSc is invalid.
Line 23: The property name ConnectionTimeout in adoCompSc is invalid.
Line 24: The property name CommandTimeout in adoCompSc is invalid.
Line 25: The property name CursorType in adoCompSc is invalid.
Line 26: The property name LockType in adoCompSc is invalid.
Line 27: The property name CommandType in adoCompSc is invalid.
Line 28: The property name CursorOptions in adoCompSc is invalid.
Line 29: The property name CacheSize in adoCompSc is invalid.
Line 30: The property name MaxRecords in adoCompSc is invalid.
Line 31: The property name BOFAction in adoCompSc is invalid.
Line 32: The property name EOFAction in adoCompSc is invalid.
Line 33: The property name ConnectStringType in adoCompSc is invalid.
Line 37: The property name Orientation in adoCompSc is invalid.
Line 39: The property name Connect in adoCompSc is invalid.
Line 40: The property name OLEDBString in adoCompSc is invalid.
Line 41: The property name OLEDBFile in adoCompSc is invalid.
Line 42: The property name DataSourceName in adoCompSc is invalid.
Line 43: The property name OtherAttributes in adoCompSc is invalid.
Line 44: The property name UserName in adoCompSc is invalid.
Line 45: The property name Password in adoCompSc is invalid.
Line 46: The property name RecordSource in adoCompSc is invalid.
Line 47: The property name Caption in adoCompSc is invalid.
Line 57: The property name _Version in adoCompSc is invalid.
